# JRE version: Java(TM) SE Runtime Environment (21.0.4+8) (build 21.0.4+8-LTS-274)
# Java VM: Java HotSpot(TM) 64-Bit Server VM (21.0.4+8-LTS-274, mixed mode, sharing, tiered, compressed oops, compressed class ptrs, g1 gc, windows-amd64)
GC Precious Log:
 CardTable entry size: 512
 Card Set container configuration: InlinePtr #cards 4 size 8 Array Of Cards #cards 16 size 48 Howl #buckets 8 coarsen threshold 3686 Howl Bitmap #cards 512 size 80 coarsen threshold 460 Card regions per heap region 1 cards per card region 4096
 CPUs: 20 total, 20 available
 Memory: 16108M
 Large Page Support: Disabled
 NUMA Support: Disabled
 Compressed Oops: Enabled (Zero based)
 Heap Region Size: 2M
 Heap Min Capacity: 8M
 Heap Initial Capacity: 252M
 Heap Max Capacity: 4028M
 Pre-touch: Disabled
 Parallel Workers: 15
 Concurrent Workers: 4
 Concurrent Refinement Workers: 15
 Periodic GC: Disabled
Heap:
 garbage-first heap   total 970752K, used 569103K [0x0000000704400000, 0x0000000800000000)
  region size 2048K, 2 young (4096K), 2 survivors (4096K)
 Metaspace       used 100328K, committed 101888K, reserved 1179648K
  class space    used 14157K, committed 14848K, reserved 1048576K
GC Heap History (20 events):
Event: 59.901 GC heap after
{Heap after GC invocations=34 (full 0):
 garbage-first heap   total 561152K, used 293286K [0x0000000704400000, 0x0000000800000000)
  region size 2048K, 9 young (18432K), 9 survivors (18432K)
 Metaspace       used 91806K, committed 93184K, reserved 1179648K
  class space    used 13048K, committed 13696K, reserved 1048576K
}
Event: 60.575 GC heap before
{Heap before GC invocations=34 (full 0):
 garbage-first heap   total 561152K, used 506278K [0x0000000704400000, 0x0000000800000000)
  region size 2048K, 114 young (233472K), 9 survivors (18432K)
 Metaspace       used 93414K, committed 94784K, reserved 1179648K
  class space    used 13276K, committed 13888K, reserved 1048576K
}
Event: 60.582 GC heap after
{Heap after GC invocations=35 (full 0):
 garbage-first heap   total 561152K, used 293769K [0x0000000704400000, 0x0000000800000000)
  region size 2048K, 6 young (12288K), 6 survivors (12288K)
 Metaspace       used 93414K, committed 94784K, reserved 1179648K
  class space    used 13276K, committed 13888K, reserved 1048576K
}
Event: 64.690 GC heap before
{Heap before GC invocations=36 (full 0):
 garbage-first heap   total 577536K, used 514953K [0x0000000704400000, 0x0000000800000000)
  region size 2048K, 114 young (233472K), 6 survivors (12288K)
 Metaspace       used 96222K, committed 97600K, reserved 1179648K
  class space    used 13645K, committed 14272K, reserved 1048576K
}
Event: 64.699 GC heap after
{Heap after GC invocations=37 (full 0):
 garbage-first heap   total 577536K, used 301676K [0x0000000704400000, 0x0000000800000000)
  region size 2048K, 10 young (20480K), 10 survivors (20480K)
 Metaspace       used 96222K, committed 97600K, reserved 1179648K
  class space    used 13645K, committed 14272K, reserved 1048576K
}
Event: 66.584 GC heap before
{Heap before GC invocations=37 (full 0):
 garbage-first heap   total 577536K, used 524908K [0x0000000704400000, 0x0000000800000000)
  region size 2048K, 119 young (243712K), 10 survivors (20480K)
 Metaspace       used 98588K, committed 100032K, reserved 1179648K
  class space    used 13945K, committed 14592K, reserved 1048576K
}
Event: 66.602 GC heap after
{Heap after GC invocations=38 (full 0):
 garbage-first heap   total 577536K, used 311260K [0x0000000704400000, 0x0000000800000000)
  region size 2048K, 15 young (30720K), 15 survivors (30720K)
 Metaspace       used 98588K, committed 100032K, reserved 1179648K
  class space    used 13945K, committed 14592K, reserved 1048576K
}
Event: 67.453 GC heap before
{Heap before GC invocations=38 (full 0):
 garbage-first heap   total 577536K, used 516060K [0x0000000704400000, 0x0000000800000000)
  region size 2048K, 115 young (235520K), 15 survivors (30720K)
 Metaspace       used 98875K, committed 100352K, reserved 1179648K
  class space    used 13973K, committed 14656K, reserved 1048576K
}
Event: 67.467 GC heap after
{Heap after GC invocations=39 (full 0):
 garbage-first heap   total 577536K, used 318952K [0x0000000704400000, 0x0000000800000000)
  region size 2048K, 5 young (10240K), 5 survivors (10240K)
 Metaspace       used 98875K, committed 100352K, reserved 1179648K
  class space    used 13973K, committed 14656K, reserved 1048576K
}
Event: 68.841 GC heap before
{Heap before GC invocations=40 (full 0):
 garbage-first heap   total 577536K, used 533992K [0x0000000704400000, 0x0000000800000000)
  region size 2048K, 110 young (225280K), 5 survivors (10240K)
 Metaspace       used 100079K, committed 101568K, reserved 1179648K
  class space    used 14125K, committed 14784K, reserved 1048576K
}
Event: 68.845 GC heap after
{Heap after GC invocations=41 (full 0):
 garbage-first heap   total 577536K, used 318665K [0x0000000704400000, 0x0000000800000000)
  region size 2048K, 5 young (10240K), 5 survivors (10240K)
 Metaspace       used 100079K, committed 101568K, reserved 1179648K
  class space    used 14125K, committed 14784K, reserved 1048576K
}
Event: 69.247 GC heap before
{Heap before GC invocations=41 (full 0):
 garbage-first heap   total 577536K, used 533705K [0x0000000704400000, 0x0000000800000000)
  region size 2048K, 110 young (225280K), 5 survivors (10240K)
 Metaspace       used 100341K, committed 101888K, reserved 1179648K
  class space    used 14174K, committed 14848K, reserved 1048576K
}
Event: 69.306 GC heap after
{Heap after GC invocations=42 (full 0):
 garbage-first heap   total 651264K, used 413039K [0x0000000704400000, 0x0000000800000000)
  region size 2048K, 14 young (28672K), 14 survivors (28672K)
 Metaspace       used 100341K, committed 101888K, reserved 1179648K
  class space    used 14174K, committed 14848K, reserved 1048576K
}
Event: 69.399 GC heap before
{Heap before GC invocations=42 (full 0):
 garbage-first heap   total 651264K, used 558447K [0x0000000704400000, 0x0000000800000000)
  region size 2048K, 85 young (174080K), 14 survivors (28672K)
 Metaspace       used 100354K, committed 101888K, reserved 1179648K
  class space    used 14174K, committed 14848K, reserved 1048576K
}
Event: 69.439 GC heap after
{Heap after GC invocations=43 (full 0):
 garbage-first heap   total 671744K, used 496640K [0x0000000704400000, 0x0000000800000000)
  region size 2048K, 11 young (22528K), 11 survivors (22528K)
 Metaspace       used 100354K, committed 101888K, reserved 1179648K
  class space    used 14174K, committed 14848K, reserved 1048576K
}
Event: 69.564 GC heap before
{Heap before GC invocations=43 (full 0):
 garbage-first heap   total 671744K, used 586752K [0x0000000704400000, 0x0000000800000000)
  region size 2048K, 55 young (112640K), 11 survivors (22528K)
 Metaspace       used 100372K, committed 101888K, reserved 1179648K
  class space    used 14175K, committed 14848K, reserved 1048576K
}
Event: 69.591 GC heap after
{Heap after GC invocations=44 (full 0):
 garbage-first heap   total 673792K, used 560128K [0x0000000704400000, 0x0000000800000000)
  region size 2048K, 7 young (14336K), 7 survivors (14336K)
 Metaspace       used 100372K, committed 101888K, reserved 1179648K
  class space    used 14175K, committed 14848K, reserved 1048576K
}
Event: 69.720 GC heap before
{Heap before GC invocations=44 (full 0):
 garbage-first heap   total 673792K, used 609280K [0x0000000704400000, 0x0000000800000000)
  region size 2048K, 31 young (63488K), 7 survivors (14336K)
 Metaspace       used 100377K, committed 101888K, reserved 1179648K
  class space    used 14175K, committed 14848K, reserved 1048576K
}
Event: 69.731 GC heap after
{Heap after GC invocations=45 (full 0):
 garbage-first heap   total 673792K, used 569103K [0x0000000704400000, 0x0000000800000000)
  region size 2048K, 2 young (4096K), 2 survivors (4096K)
 Metaspace       used 100377K, committed 101888K, reserved 1179648K
  class space    used 14175K, committed 14848K, reserved 1048576K
}
Event: 69.923 GC heap before
{Heap before GC invocations=45 (full 0):
 garbage-first heap   total 970752K, used 618255K [0x0000000704400000, 0x0000000800000000)
  region size 2048K, 26 young (53248K), 2 survivors (4096K)
 Metaspace       used 100328K, committed 101888K, reserved 1179648K
  class space    used 14157K, committed 14848K, reserved 1048576K
}

