# JRE version: Java(TM) SE Runtime Environment (21.0.4+8) (build 21.0.4+8-LTS-274)
# Java VM: Java HotSpot(TM) 64-Bit Server VM (21.0.4+8-LTS-274, mixed mode, sharing, tiered, compressed oops, compressed class ptrs, g1 gc, windows-amd64)
GC Precious Log:
 CardTable entry size: 512
 Card Set container configuration: InlinePtr #cards 4 size 8 Array Of Cards #cards 16 size 48 Howl #buckets 8 coarsen threshold 3686 Howl Bitmap #cards 512 size 80 coarsen threshold 460 Card regions per heap region 1 cards per card region 4096
 CPUs: 20 total, 20 available
 Memory: 16108M
 Large Page Support: Disabled
 NUMA Support: Disabled
 Compressed Oops: Enabled (Zero based)
 Heap Region Size: 2M
 Heap Min Capacity: 8M
 Heap Initial Capacity: 252M
 Heap Max Capacity: 4028M
 Pre-touch: Disabled
 Parallel Workers: 15
 Concurrent Workers: 4
 Concurrent Refinement Workers: 15
 Periodic GC: Disabled
Heap:
 garbage-first heap   total 823296K, used 743424K [0x0000000704400000, 0x0000000800000000)
  region size 2048K, 4 young (8192K), 4 survivors (8192K)
 Metaspace       used 97718K, committed 99200K, reserved 1179648K
  class space    used 13822K, committed 14464K, reserved 1048576K
GC Heap History (20 events):
Event: 113.593 GC heap after
{Heap after GC invocations=39 (full 0):
 garbage-first heap   total 497664K, used 286730K [0x0000000704400000, 0x0000000800000000)
  region size 2048K, 3 young (6144K), 3 survivors (6144K)
 Metaspace       used 88051K, committed 89408K, reserved 1179648K
  class space    used 12353K, committed 12992K, reserved 1048576K
}
Event: 114.325 GC heap before
{Heap before GC invocations=39 (full 0):
 garbage-first heap   total 497664K, used 456714K [0x0000000704400000, 0x0000000800000000)
  region size 2048K, 86 young (176128K), 3 survivors (6144K)
 Metaspace       used 90588K, committed 91968K, reserved 1179648K
  class space    used 12817K, committed 13440K, reserved 1048576K
}
Event: 114.331 GC heap after
{Heap after GC invocations=40 (full 0):
 garbage-first heap   total 497664K, used 288122K [0x0000000704400000, 0x0000000800000000)
  region size 2048K, 5 young (10240K), 5 survivors (10240K)
 Metaspace       used 90588K, committed 91968K, reserved 1179648K
  class space    used 12817K, committed 13440K, reserved 1048576K
}
Event: 114.692 GC heap before
{Heap before GC invocations=40 (full 0):
 garbage-first heap   total 497664K, used 458106K [0x0000000704400000, 0x0000000800000000)
  region size 2048K, 89 young (182272K), 5 survivors (10240K)
 Metaspace       used 92388K, committed 93696K, reserved 1179648K
  class space    used 13129K, committed 13760K, reserved 1048576K
}
Event: 114.700 GC heap after
{Heap after GC invocations=41 (full 0):
 garbage-first heap   total 497664K, used 302915K [0x0000000704400000, 0x0000000800000000)
  region size 2048K, 12 young (24576K), 12 survivors (24576K)
 Metaspace       used 92388K, committed 93696K, reserved 1179648K
  class space    used 13129K, committed 13760K, reserved 1048576K
}
Event: 115.358 GC heap before
{Heap before GC invocations=42 (full 0):
 garbage-first heap   total 550912K, used 444227K [0x0000000704400000, 0x0000000800000000)
  region size 2048K, 81 young (165888K), 12 survivors (24576K)
 Metaspace       used 93550K, committed 94912K, reserved 1179648K
  class space    used 13294K, committed 13888K, reserved 1048576K
}
Event: 115.368 GC heap after
{Heap after GC invocations=43 (full 0):
 garbage-first heap   total 550912K, used 296982K [0x0000000704400000, 0x0000000800000000)
  region size 2048K, 4 young (8192K), 4 survivors (8192K)
 Metaspace       used 93550K, committed 94912K, reserved 1179648K
  class space    used 13294K, committed 13888K, reserved 1048576K
}
Event: 117.521 GC heap before
{Heap before GC invocations=43 (full 0):
 garbage-first heap   total 550912K, used 507926K [0x0000000704400000, 0x0000000800000000)
  region size 2048K, 107 young (219136K), 4 survivors (8192K)
 Metaspace       used 96654K, committed 98112K, reserved 1179648K
  class space    used 13677K, committed 14336K, reserved 1048576K
}
Event: 117.532 GC heap after
{Heap after GC invocations=44 (full 0):
 garbage-first heap   total 550912K, used 297348K [0x0000000704400000, 0x0000000800000000)
  region size 2048K, 7 young (14336K), 7 survivors (14336K)
 Metaspace       used 96654K, committed 98112K, reserved 1179648K
  class space    used 13677K, committed 14336K, reserved 1048576K
}
Event: 118.877 GC heap before
{Heap before GC invocations=44 (full 0):
 garbage-first heap   total 550912K, used 504196K [0x0000000704400000, 0x0000000800000000)
  region size 2048K, 109 young (223232K), 7 survivors (14336K)
 Metaspace       used 97154K, committed 98560K, reserved 1179648K
  class space    used 13748K, committed 14400K, reserved 1048576K
}
Event: 118.946 GC heap after
{Heap after GC invocations=45 (full 0):
 garbage-first heap   total 628736K, used 405504K [0x0000000704400000, 0x0000000800000000)
  region size 2048K, 14 young (28672K), 14 survivors (28672K)
 Metaspace       used 97154K, committed 98560K, reserved 1179648K
  class space    used 13748K, committed 14400K, reserved 1048576K
}
Event: 119.191 GC heap before
{Heap before GC invocations=45 (full 0):
 garbage-first heap   total 823296K, used 526336K [0x0000000704400000, 0x0000000800000000)
  region size 2048K, 73 young (149504K), 14 survivors (28672K)
 Metaspace       used 97167K, committed 98560K, reserved 1179648K
  class space    used 13746K, committed 14400K, reserved 1048576K
}
Event: 119.233 GC heap after
{Heap after GC invocations=46 (full 0):
 garbage-first heap   total 823296K, used 486400K [0x0000000704400000, 0x0000000800000000)
  region size 2048K, 10 young (20480K), 10 survivors (20480K)
 Metaspace       used 97167K, committed 98560K, reserved 1179648K
  class space    used 13746K, committed 14400K, reserved 1048576K
}
Event: 119.440 GC heap before
{Heap before GC invocations=47 (full 0):
 garbage-first heap   total 823296K, used 658432K [0x0000000704400000, 0x0000000800000000)
  region size 2048K, 94 young (192512K), 10 survivors (20480K)
 Metaspace       used 97168K, committed 98560K, reserved 1179648K
  class space    used 13746K, committed 14400K, reserved 1048576K
}
Event: 119.491 GC heap after
{Heap after GC invocations=48 (full 0):
 garbage-first heap   total 823296K, used 599040K [0x0000000704400000, 0x0000000800000000)
  region size 2048K, 12 young (24576K), 12 survivors (24576K)
 Metaspace       used 97168K, committed 98560K, reserved 1179648K
  class space    used 13746K, committed 14400K, reserved 1048576K
}
Event: 119.548 GC heap before
{Heap before GC invocations=48 (full 0):
 garbage-first heap   total 823296K, used 697344K [0x0000000704400000, 0x0000000800000000)
  region size 2048K, 60 young (122880K), 12 survivors (24576K)
 Metaspace       used 97169K, committed 98560K, reserved 1179648K
  class space    used 13746K, committed 14400K, reserved 1048576K
}
Event: 119.581 GC heap after
{Heap after GC invocations=49 (full 0):
 garbage-first heap   total 823296K, used 656384K [0x0000000704400000, 0x0000000800000000)
  region size 2048K, 8 young (16384K), 8 survivors (16384K)
 Metaspace       used 97169K, committed 98560K, reserved 1179648K
  class space    used 13746K, committed 14400K, reserved 1048576K
}
Event: 119.668 GC heap before
{Heap before GC invocations=49 (full 0):
 garbage-first heap   total 823296K, used 723968K [0x0000000704400000, 0x0000000800000000)
  region size 2048K, 41 young (83968K), 8 survivors (16384K)
 Metaspace       used 97218K, committed 98688K, reserved 1179648K
  class space    used 13747K, committed 14400K, reserved 1048576K
}
Event: 119.686 GC heap after
{Heap after GC invocations=50 (full 0):
 garbage-first heap   total 823296K, used 703488K [0x0000000704400000, 0x0000000800000000)
  region size 2048K, 6 young (12288K), 6 survivors (12288K)
 Metaspace       used 97218K, committed 98688K, reserved 1179648K
  class space    used 13747K, committed 14400K, reserved 1048576K
}
Event: 119.918 GC heap before
{Heap before GC invocations=50 (full 0):
 garbage-first heap   total 823296K, used 750592K [0x0000000704400000, 0x0000000800000000)
  region size 2048K, 29 young (59392K), 6 survivors (12288K)
 Metaspace       used 97718K, committed 99200K, reserved 1179648K
  class space    used 13822K, committed 14464K, reserved 1048576K
}

